{"/home/rohit/Desktop/hyperverge/hyperverge-project/bus/Backend/server.js": {"path":"/home/rohit/Desktop/hyperverge/hyperverge-project/bus/Backend/server.js","statementMap":{"0":{"start":{"line":1,"column":16},"end":{"line":1,"column":34}},"1":{"start":{"line":2,"column":18},"end":{"line":2,"column":40}},"2":{"start":{"line":3,"column":12},"end":{"line":3,"column":21}},"3":{"start":{"line":4,"column":14},"end":{"line":4,"column":31}},"4":{"start":{"line":5,"column":11},"end":{"line":5,"column":15}},"5":{"start":{"line":9,"column":0},"end":{"line":9,"column":43}},"6":{"start":{"line":11,"column":0},"end":{"line":11,"column":22}},"7":{"start":{"line":13,"column":0},"end":{"line":15,"column":2}},"8":{"start":{"line":14,"column":4},"end":{"line":14,"column":30}},"9":{"start":{"line":18,"column":0},"end":{"line":18,"column":46}},"10":{"start":{"line":19,"column":0},"end":{"line":19,"column":48}},"11":{"start":{"line":21,"column":0},"end":{"line":25,"column":2}},"12":{"start":{"line":22,"column":16},"end":{"line":22,"column":38}},"13":{"start":{"line":23,"column":4},"end":{"line":23,"column":19}},"14":{"start":{"line":24,"column":4},"end":{"line":24,"column":15}},"15":{"start":{"line":26,"column":0},"end":{"line":33,"column":2}},"16":{"start":{"line":27,"column":4},"end":{"line":27,"column":31}},"17":{"start":{"line":28,"column":4},"end":{"line":32,"column":6}},"18":{"start":{"line":36,"column":0},"end":{"line":36,"column":18}}},"fnMap":{"0":{"name":"(anonymous_0)","decl":{"start":{"line":13,"column":12},"end":{"line":13,"column":13}},"loc":{"start":{"line":13,"column":23},"end":{"line":15,"column":1}},"line":13},"1":{"name":"(anonymous_1)","decl":{"start":{"line":21,"column":8},"end":{"line":21,"column":9}},"loc":{"start":{"line":21,"column":24},"end":{"line":25,"column":1}},"line":21},"2":{"name":"(anonymous_2)","decl":{"start":{"line":26,"column":8},"end":{"line":26,"column":9}},"loc":{"start":{"line":26,"column":28},"end":{"line":33,"column":1}},"line":26}},"branchMap":{"0":{"loc":{"start":{"line":27,"column":15},"end":{"line":27,"column":30}},"type":"binary-expr","locations":[{"start":{"line":27,"column":15},"end":{"line":27,"column":25}},{"start":{"line":27,"column":27},"end":{"line":27,"column":30}}],"line":27}},"s":{"0":4,"1":4,"2":4,"3":4,"4":4,"5":4,"6":4,"7":4,"8":0,"9":4,"10":4,"11":4,"12":0,"13":0,"14":0,"15":4,"16":0,"17":0,"18":4},"f":{"0":0,"1":0,"2":0},"b":{"0":[0,0]},"_coverageSchema":"1a1c01bbd47fc00a2c39e90264f33305004495a9","hash":"e1537da6ec9e1811d4eddcc110a5e0a3a2bbee07"}
,"/home/rohit/Desktop/hyperverge/hyperverge-project/bus/Backend/config/db.js": {"path":"/home/rohit/Desktop/hyperverge/hyperverge-project/bus/Backend/config/db.js","statementMap":{"0":{"start":{"line":1,"column":17},"end":{"line":1,"column":36}},"1":{"start":{"line":2,"column":15},"end":{"line":2,"column":32}},"2":{"start":{"line":3,"column":11},"end":{"line":3,"column":33}},"3":{"start":{"line":6,"column":0},"end":{"line":52,"column":1}},"4":{"start":{"line":7,"column":34},"end":{"line":7,"column":66}},"5":{"start":{"line":8,"column":19},"end":{"line":8,"column":42}},"6":{"start":{"line":10,"column":20},"end":{"line":20,"column":5}},"7":{"start":{"line":11,"column":20},"end":{"line":11,"column":41}},"8":{"start":{"line":13,"column":29},"end":{"line":18,"column":9}},"9":{"start":{"line":19,"column":8},"end":{"line":19,"column":48}},"10":{"start":{"line":21,"column":18},"end":{"line":25,"column":5}},"11":{"start":{"line":22,"column":8},"end":{"line":22,"column":49}},"12":{"start":{"line":23,"column":8},"end":{"line":23,"column":42}},"13":{"start":{"line":24,"column":8},"end":{"line":24,"column":27}},"14":{"start":{"line":27,"column":18},"end":{"line":33,"column":5}},"15":{"start":{"line":28,"column":28},"end":{"line":28,"column":59}},"16":{"start":{"line":29,"column":8},"end":{"line":32,"column":9}},"17":{"start":{"line":30,"column":31},"end":{"line":30,"column":47}},"18":{"start":{"line":31,"column":12},"end":{"line":31,"column":41}},"19":{"start":{"line":34,"column":4},"end":{"line":34,"column":42}},"20":{"start":{"line":38,"column":4},"end":{"line":50,"column":5}},"21":{"start":{"line":39,"column":8},"end":{"line":45,"column":15}},"22":{"start":{"line":46,"column":8},"end":{"line":46,"column":41}},"23":{"start":{"line":48,"column":8},"end":{"line":48,"column":35}},"24":{"start":{"line":49,"column":8},"end":{"line":49,"column":24}}},"fnMap":{"0":{"name":"(anonymous_0)","decl":{"start":{"line":10,"column":20},"end":{"line":10,"column":21}},"loc":{"start":{"line":10,"column":32},"end":{"line":20,"column":5}},"line":10},"1":{"name":"(anonymous_1)","decl":{"start":{"line":21,"column":18},"end":{"line":21,"column":19}},"loc":{"start":{"line":21,"column":30},"end":{"line":25,"column":5}},"line":21},"2":{"name":"(anonymous_2)","decl":{"start":{"line":27,"column":18},"end":{"line":27,"column":19}},"loc":{"start":{"line":27,"column":30},"end":{"line":33,"column":5}},"line":27}},"branchMap":{"0":{"loc":{"start":{"line":6,"column":0},"end":{"line":52,"column":1}},"type":"if","locations":[{"start":{"line":6,"column":0},"end":{"line":52,"column":1}},{"start":{"line":6,"column":0},"end":{"line":52,"column":1}}],"line":6}},"s":{"0":4,"1":4,"2":4,"3":4,"4":4,"5":4,"6":4,"7":3,"8":3,"9":3,"10":4,"11":3,"12":3,"13":3,"14":4,"15":3,"16":3,"17":8,"18":8,"19":4,"20":0,"21":0,"22":0,"23":0,"24":0},"f":{"0":3,"1":3,"2":3},"b":{"0":[4,0]},"_coverageSchema":"1a1c01bbd47fc00a2c39e90264f33305004495a9","hash":"5931853ed4685b14f7c219107ba9a7dce77aac35"}
,"/home/rohit/Desktop/hyperverge/hyperverge-project/bus/Backend/controllers/Agency.js": {"path":"/home/rohit/Desktop/hyperverge/hyperverge-project/bus/Backend/controllers/Agency.js","statementMap":{"0":{"start":{"line":1,"column":13},"end":{"line":1,"column":40}},"1":{"start":{"line":3,"column":25},"end":{"line":3,"column":53}},"2":{"start":{"line":4,"column":0},"end":{"line":30,"column":1}},"3":{"start":{"line":5,"column":19},"end":{"line":5,"column":40}},"4":{"start":{"line":6,"column":4},"end":{"line":8,"column":5}},"5":{"start":{"line":7,"column":8},"end":{"line":7,"column":53}},"6":{"start":{"line":9,"column":48},"end":{"line":9,"column":56}},"7":{"start":{"line":11,"column":4},"end":{"line":29,"column":5}},"8":{"start":{"line":12,"column":22},"end":{"line":12,"column":67}},"9":{"start":{"line":13,"column":8},"end":{"line":15,"column":9}},"10":{"start":{"line":14,"column":12},"end":{"line":14,"column":73}},"11":{"start":{"line":16,"column":8},"end":{"line":21,"column":10}},"12":{"start":{"line":23,"column":8},"end":{"line":23,"column":27}},"13":{"start":{"line":25,"column":8},"end":{"line":25,"column":64}},"14":{"start":{"line":27,"column":8},"end":{"line":27,"column":24}},"15":{"start":{"line":28,"column":8},"end":{"line":28,"column":47}}},"fnMap":{"0":{"name":"(anonymous_0)","decl":{"start":{"line":4,"column":28},"end":{"line":4,"column":29}},"loc":{"start":{"line":4,"column":44},"end":{"line":30,"column":1}},"line":4}},"branchMap":{"0":{"loc":{"start":{"line":6,"column":4},"end":{"line":8,"column":5}},"type":"if","locations":[{"start":{"line":6,"column":4},"end":{"line":8,"column":5}},{"start":{"line":6,"column":4},"end":{"line":8,"column":5}}],"line":6},"1":{"loc":{"start":{"line":13,"column":8},"end":{"line":15,"column":9}},"type":"if","locations":[{"start":{"line":13,"column":8},"end":{"line":15,"column":9}},{"start":{"line":13,"column":8},"end":{"line":15,"column":9}}],"line":13}},"s":{"0":1,"1":1,"2":1,"3":1,"4":1,"5":0,"6":1,"7":1,"8":1,"9":1,"10":1,"11":0,"12":0,"13":0,"14":0,"15":0},"f":{"0":1},"b":{"0":[0,1],"1":[1,0]},"_coverageSchema":"1a1c01bbd47fc00a2c39e90264f33305004495a9","hash":"0af1db810ae59b437cf1a424ae7375d0f5d5cb85"}
,"/home/rohit/Desktop/hyperverge/hyperverge-project/bus/Backend/controllers/Bus.js": {"path":"/home/rohit/Desktop/hyperverge/hyperverge-project/bus/Backend/controllers/Bus.js","statementMap":{"0":{"start":{"line":1,"column":10},"end":{"line":1,"column":34}},"1":{"start":{"line":2,"column":11},"end":{"line":2,"column":37}},"2":{"start":{"line":3,"column":12},"end":{"line":3,"column":38}},"3":{"start":{"line":4,"column":15},"end":{"line":4,"column":44}},"4":{"start":{"line":5,"column":25},"end":{"line":5,"column":53}},"5":{"start":{"line":8,"column":20},"end":{"line":15,"column":3}},"6":{"start":{"line":9,"column":4},"end":{"line":14,"column":7}},"7":{"start":{"line":10,"column":18},"end":{"line":10,"column":42}},"8":{"start":{"line":11,"column":6},"end":{"line":13,"column":7}},"9":{"start":{"line":12,"column":8},"end":{"line":12,"column":19}},"10":{"start":{"line":18,"column":15},"end":{"line":18,"column":32}},"11":{"start":{"line":19,"column":10},"end":{"line":19,"column":11}},"12":{"start":{"line":20,"column":6},"end":{"line":20,"column":8}},"13":{"start":{"line":21,"column":0},"end":{"line":27,"column":1}},"14":{"start":{"line":21,"column":11},"end":{"line":21,"column":12}},"15":{"start":{"line":22,"column":10},"end":{"line":22,"column":12}},"16":{"start":{"line":23,"column":4},"end":{"line":25,"column":5}},"17":{"start":{"line":23,"column":15},"end":{"line":23,"column":16}},"18":{"start":{"line":24,"column":8},"end":{"line":24,"column":40}},"19":{"start":{"line":26,"column":4},"end":{"line":26,"column":13}},"20":{"start":{"line":28,"column":0},"end":{"line":28,"column":14}},"21":{"start":{"line":30,"column":16},"end":{"line":93,"column":1}},"22":{"start":{"line":31,"column":17},"end":{"line":31,"column":38}},"23":{"start":{"line":32,"column":4},"end":{"line":34,"column":5}},"24":{"start":{"line":33,"column":8},"end":{"line":33,"column":63}},"25":{"start":{"line":47,"column":10},"end":{"line":47,"column":18}},"26":{"start":{"line":49,"column":29},"end":{"line":49,"column":37}},"27":{"start":{"line":50,"column":21},"end":{"line":57,"column":7}},"28":{"start":{"line":60,"column":14},"end":{"line":60,"column":44}},"29":{"start":{"line":61,"column":4},"end":{"line":63,"column":5}},"30":{"start":{"line":62,"column":8},"end":{"line":62,"column":56}},"31":{"start":{"line":65,"column":18},"end":{"line":65,"column":43}},"32":{"start":{"line":66,"column":4},"end":{"line":68,"column":5}},"33":{"start":{"line":67,"column":8},"end":{"line":67,"column":47}},"34":{"start":{"line":70,"column":17},"end":{"line":70,"column":42}},"35":{"start":{"line":71,"column":4},"end":{"line":73,"column":5}},"36":{"start":{"line":72,"column":8},"end":{"line":72,"column":46}},"37":{"start":{"line":75,"column":23},"end":{"line":75,"column":53}},"38":{"start":{"line":76,"column":4},"end":{"line":78,"column":5}},"39":{"start":{"line":77,"column":8},"end":{"line":77,"column":50}},"40":{"start":{"line":80,"column":21},"end":{"line":80,"column":49}},"41":{"start":{"line":81,"column":4},"end":{"line":83,"column":5}},"42":{"start":{"line":82,"column":8},"end":{"line":82,"column":54}},"43":{"start":{"line":85,"column":4},"end":{"line":85,"column":25}},"44":{"start":{"line":86,"column":4},"end":{"line":86,"column":26}},"45":{"start":{"line":87,"column":4},"end":{"line":87,"column":28}},"46":{"start":{"line":88,"column":4},"end":{"line":88,"column":24}},"47":{"start":{"line":90,"column":4},"end":{"line":90,"column":14}},"48":{"start":{"line":92,"column":4},"end":{"line":92,"column":57}},"49":{"start":{"line":95,"column":0},"end":{"line":95,"column":24}}},"fnMap":{"0":{"name":"(anonymous_0)","decl":{"start":{"line":8,"column":20},"end":{"line":8,"column":21}},"loc":{"start":{"line":8,"column":31},"end":{"line":15,"column":3}},"line":8},"1":{"name":"(anonymous_1)","decl":{"start":{"line":9,"column":23},"end":{"line":9,"column":24}},"loc":{"start":{"line":9,"column":37},"end":{"line":14,"column":5}},"line":9},"2":{"name":"(anonymous_2)","decl":{"start":{"line":30,"column":16},"end":{"line":30,"column":17}},"loc":{"start":{"line":30,"column":32},"end":{"line":93,"column":1}},"line":30}},"branchMap":{"0":{"loc":{"start":{"line":11,"column":6},"end":{"line":13,"column":7}},"type":"if","locations":[{"start":{"line":11,"column":6},"end":{"line":13,"column":7}},{"start":{"line":11,"column":6},"end":{"line":13,"column":7}}],"line":11},"1":{"loc":{"start":{"line":32,"column":4},"end":{"line":34,"column":5}},"type":"if","locations":[{"start":{"line":32,"column":4},"end":{"line":34,"column":5}},{"start":{"line":32,"column":4},"end":{"line":34,"column":5}}],"line":32},"2":{"loc":{"start":{"line":61,"column":4},"end":{"line":63,"column":5}},"type":"if","locations":[{"start":{"line":61,"column":4},"end":{"line":63,"column":5}},{"start":{"line":61,"column":4},"end":{"line":63,"column":5}}],"line":61},"3":{"loc":{"start":{"line":66,"column":4},"end":{"line":68,"column":5}},"type":"if","locations":[{"start":{"line":66,"column":4},"end":{"line":68,"column":5}},{"start":{"line":66,"column":4},"end":{"line":68,"column":5}}],"line":66},"4":{"loc":{"start":{"line":71,"column":4},"end":{"line":73,"column":5}},"type":"if","locations":[{"start":{"line":71,"column":4},"end":{"line":73,"column":5}},{"start":{"line":71,"column":4},"end":{"line":73,"column":5}}],"line":71},"5":{"loc":{"start":{"line":76,"column":4},"end":{"line":78,"column":5}},"type":"if","locations":[{"start":{"line":76,"column":4},"end":{"line":78,"column":5}},{"start":{"line":76,"column":4},"end":{"line":78,"column":5}}],"line":76},"6":{"loc":{"start":{"line":81,"column":4},"end":{"line":83,"column":5}},"type":"if","locations":[{"start":{"line":81,"column":4},"end":{"line":83,"column":5}},{"start":{"line":81,"column":4},"end":{"line":83,"column":5}}],"line":81}},"s":{"0":1,"1":1,"2":1,"3":1,"4":1,"5":1,"6":0,"7":0,"8":0,"9":0,"10":1,"11":1,"12":1,"13":1,"14":1,"15":4,"16":4,"17":4,"18":16,"19":4,"20":1,"21":1,"22":0,"23":0,"24":0,"25":0,"26":0,"27":0,"28":0,"29":0,"30":0,"31":0,"32":0,"33":0,"34":0,"35":0,"36":0,"37":0,"38":0,"39":0,"40":0,"41":0,"42":0,"43":0,"44":0,"45":0,"46":0,"47":0,"48":0,"49":1},"f":{"0":0,"1":0,"2":0},"b":{"0":[0,0],"1":[0,0],"2":[0,0],"3":[0,0],"4":[0,0],"5":[0,0],"6":[0,0]},"_coverageSchema":"1a1c01bbd47fc00a2c39e90264f33305004495a9","hash":"7d7a810f8fcbbf69502382a7296c860a151736c2"}
,"/home/rohit/Desktop/hyperverge/hyperverge-project/bus/Backend/controllers/location.js": {"path":"/home/rohit/Desktop/hyperverge/hyperverge-project/bus/Backend/controllers/location.js","statementMap":{"0":{"start":{"line":2,"column":17},"end":{"line":2,"column":46}},"1":{"start":{"line":4,"column":0},"end":{"line":9,"column":1}},"2":{"start":{"line":5,"column":28},"end":{"line":5,"column":36}},"3":{"start":{"line":6,"column":19},"end":{"line":6,"column":42}},"4":{"start":{"line":7,"column":4},"end":{"line":7,"column":26}},"5":{"start":{"line":8,"column":4},"end":{"line":8,"column":45}}},"fnMap":{"0":{"name":"(anonymous_0)","decl":{"start":{"line":4,"column":27},"end":{"line":4,"column":28}},"loc":{"start":{"line":4,"column":44},"end":{"line":9,"column":1}},"line":4}},"branchMap":{},"s":{"0":4,"1":4,"2":0,"3":0,"4":0,"5":0},"f":{"0":0},"b":{},"_coverageSchema":"1a1c01bbd47fc00a2c39e90264f33305004495a9","hash":"ef4152d98a7fbf408ba26d1a2903bcbf786cd534"}
,"/home/rohit/Desktop/hyperverge/hyperverge-project/bus/Backend/controllers/staff.js": {"path":"/home/rohit/Desktop/hyperverge/hyperverge-project/bus/Backend/controllers/staff.js","statementMap":{"0":{"start":{"line":1,"column":12},"end":{"line":1,"column":38}},"1":{"start":{"line":2,"column":25},"end":{"line":2,"column":53}},"2":{"start":{"line":4,"column":0},"end":{"line":34,"column":1}},"3":{"start":{"line":5,"column":19},"end":{"line":5,"column":40}},"4":{"start":{"line":6,"column":4},"end":{"line":8,"column":5}},"5":{"start":{"line":7,"column":8},"end":{"line":7,"column":63}},"6":{"start":{"line":9,"column":41},"end":{"line":9,"column":49}},"7":{"start":{"line":10,"column":22},"end":{"line":10,"column":56}},"8":{"start":{"line":11,"column":4},"end":{"line":11,"column":36}},"9":{"start":{"line":12,"column":4},"end":{"line":33,"column":5}},"10":{"start":{"line":15,"column":18},"end":{"line":15,"column":46}},"11":{"start":{"line":16,"column":8},"end":{"line":18,"column":9}},"12":{"start":{"line":17,"column":12},"end":{"line":17,"column":62}},"13":{"start":{"line":19,"column":8},"end":{"line":19,"column":35}},"14":{"start":{"line":20,"column":8},"end":{"line":26,"column":10}},"15":{"start":{"line":27,"column":7},"end":{"line":27,"column":26}},"16":{"start":{"line":28,"column":8},"end":{"line":28,"column":62}},"17":{"start":{"line":32,"column":8},"end":{"line":32,"column":24}}},"fnMap":{"0":{"name":"(anonymous_0)","decl":{"start":{"line":4,"column":25},"end":{"line":4,"column":26}},"loc":{"start":{"line":4,"column":41},"end":{"line":34,"column":1}},"line":4}},"branchMap":{"0":{"loc":{"start":{"line":6,"column":4},"end":{"line":8,"column":5}},"type":"if","locations":[{"start":{"line":6,"column":4},"end":{"line":8,"column":5}},{"start":{"line":6,"column":4},"end":{"line":8,"column":5}}],"line":6},"1":{"loc":{"start":{"line":16,"column":8},"end":{"line":18,"column":9}},"type":"if","locations":[{"start":{"line":16,"column":8},"end":{"line":18,"column":9}},{"start":{"line":16,"column":8},"end":{"line":18,"column":9}}],"line":16}},"s":{"0":1,"1":1,"2":1,"3":3,"4":3,"5":0,"6":3,"7":3,"8":3,"9":3,"10":3,"11":3,"12":2,"13":1,"14":1,"15":1,"16":1,"17":0},"f":{"0":3},"b":{"0":[0,3],"1":[2,1]},"_coverageSchema":"1a1c01bbd47fc00a2c39e90264f33305004495a9","hash":"ea49fe7d54d4fadb47e3f95430bb4dde2269dbcd"}
,"/home/rohit/Desktop/hyperverge/hyperverge-project/bus/Backend/controllers/users.js": {"path":"/home/rohit/Desktop/hyperverge/hyperverge-project/bus/Backend/controllers/users.js","statementMap":{"0":{"start":{"line":1,"column":16},"end":{"line":1,"column":34}},"1":{"start":{"line":2,"column":15},"end":{"line":2,"column":31}},"2":{"start":{"line":3,"column":15},"end":{"line":3,"column":34}},"3":{"start":{"line":4,"column":29},"end":{"line":4,"column":57}},"4":{"start":{"line":5,"column":12},"end":{"line":5,"column":35}},"5":{"start":{"line":6,"column":15},"end":{"line":6,"column":32}},"6":{"start":{"line":7,"column":13},"end":{"line":7,"column":39}},"7":{"start":{"line":9,"column":0},"end":{"line":48,"column":1}},"8":{"start":{"line":10,"column":19},"end":{"line":10,"column":40}},"9":{"start":{"line":11,"column":8},"end":{"line":13,"column":9}},"10":{"start":{"line":12,"column":12},"end":{"line":12,"column":68}},"11":{"start":{"line":15,"column":49},"end":{"line":15,"column":57}},"12":{"start":{"line":16,"column":8},"end":{"line":46,"column":9}},"13":{"start":{"line":17,"column":23},"end":{"line":17,"column":52}},"14":{"start":{"line":18,"column":12},"end":{"line":22,"column":13}},"15":{"start":{"line":19,"column":16},"end":{"line":21,"column":72}},"16":{"start":{"line":23,"column":12},"end":{"line":28,"column":15}},"17":{"start":{"line":29,"column":25},"end":{"line":29,"column":49}},"18":{"start":{"line":30,"column":12},"end":{"line":30,"column":62}},"19":{"start":{"line":32,"column":12},"end":{"line":32,"column":30}},"20":{"start":{"line":34,"column":28},"end":{"line":38,"column":13}},"21":{"start":{"line":39,"column":12},"end":{"line":39,"column":46}},"22":{"start":{"line":40,"column":26},"end":{"line":40,"column":52}},"23":{"start":{"line":41,"column":12},"end":{"line":41,"column":41}},"24":{"start":{"line":44,"column":12},"end":{"line":44,"column":28}},"25":{"start":{"line":45,"column":12},"end":{"line":45,"column":62}},"26":{"start":{"line":52,"column":26},"end":{"line":55,"column":1}},"27":{"start":{"line":54,"column":4},"end":{"line":54,"column":50}},"28":{"start":{"line":58,"column":0},"end":{"line":98,"column":1}},"29":{"start":{"line":60,"column":19},"end":{"line":60,"column":40}},"30":{"start":{"line":61,"column":8},"end":{"line":63,"column":9}},"31":{"start":{"line":62,"column":12},"end":{"line":62,"column":68}},"32":{"start":{"line":65,"column":35},"end":{"line":65,"column":43}},"33":{"start":{"line":67,"column":8},"end":{"line":96,"column":9}},"34":{"start":{"line":68,"column":22},"end":{"line":68,"column":50}},"35":{"start":{"line":69,"column":12},"end":{"line":69,"column":42}},"36":{"start":{"line":71,"column":12},"end":{"line":75,"column":13}},"37":{"start":{"line":72,"column":16},"end":{"line":74,"column":72}},"38":{"start":{"line":76,"column":28},"end":{"line":76,"column":73}},"39":{"start":{"line":77,"column":12},"end":{"line":77,"column":68}},"40":{"start":{"line":78,"column":12},"end":{"line":83,"column":13}},"41":{"start":{"line":79,"column":16},"end":{"line":82,"column":19}},"42":{"start":{"line":85,"column":28},"end":{"line":89,"column":13}},"43":{"start":{"line":90,"column":26},"end":{"line":90,"column":52}},"44":{"start":{"line":92,"column":12},"end":{"line":92,"column":48}},"45":{"start":{"line":94,"column":12},"end":{"line":94,"column":59}},"46":{"start":{"line":95,"column":12},"end":{"line":95,"column":55}}},"fnMap":{"0":{"name":"(anonymous_0)","decl":{"start":{"line":9,"column":22},"end":{"line":9,"column":23}},"loc":{"start":{"line":9,"column":38},"end":{"line":48,"column":1}},"line":9},"1":{"name":"(anonymous_1)","decl":{"start":{"line":52,"column":26},"end":{"line":52,"column":27}},"loc":{"start":{"line":53,"column":18},"end":{"line":55,"column":1}},"line":53},"2":{"name":"(anonymous_2)","decl":{"start":{"line":58,"column":22},"end":{"line":58,"column":23}},"loc":{"start":{"line":58,"column":39},"end":{"line":98,"column":1}},"line":58}},"branchMap":{"0":{"loc":{"start":{"line":11,"column":8},"end":{"line":13,"column":9}},"type":"if","locations":[{"start":{"line":11,"column":8},"end":{"line":13,"column":9}},{"start":{"line":11,"column":8},"end":{"line":13,"column":9}}],"line":11},"1":{"loc":{"start":{"line":18,"column":12},"end":{"line":22,"column":13}},"type":"if","locations":[{"start":{"line":18,"column":12},"end":{"line":22,"column":13}},{"start":{"line":18,"column":12},"end":{"line":22,"column":13}}],"line":18},"2":{"loc":{"start":{"line":52,"column":44},"end":{"line":52,"column":76}},"type":"default-arg","locations":[{"start":{"line":52,"column":53},"end":{"line":52,"column":76}}],"line":52},"3":{"loc":{"start":{"line":53,"column":0},"end":{"line":53,"column":16}},"type":"default-arg","locations":[{"start":{"line":53,"column":12},"end":{"line":53,"column":16}}],"line":53},"4":{"loc":{"start":{"line":61,"column":8},"end":{"line":63,"column":9}},"type":"if","locations":[{"start":{"line":61,"column":8},"end":{"line":63,"column":9}},{"start":{"line":61,"column":8},"end":{"line":63,"column":9}}],"line":61},"5":{"loc":{"start":{"line":71,"column":12},"end":{"line":75,"column":13}},"type":"if","locations":[{"start":{"line":71,"column":12},"end":{"line":75,"column":13}},{"start":{"line":71,"column":12},"end":{"line":75,"column":13}}],"line":71},"6":{"loc":{"start":{"line":78,"column":12},"end":{"line":83,"column":13}},"type":"if","locations":[{"start":{"line":78,"column":12},"end":{"line":83,"column":13}},{"start":{"line":78,"column":12},"end":{"line":83,"column":13}}],"line":78}},"s":{"0":4,"1":4,"2":4,"3":4,"4":4,"5":4,"6":4,"7":4,"8":2,"9":2,"10":0,"11":2,"12":2,"13":2,"14":2,"15":0,"16":2,"17":2,"18":2,"19":2,"20":2,"21":2,"22":2,"23":2,"24":0,"25":0,"26":4,"27":4,"28":4,"29":2,"30":2,"31":0,"32":2,"33":2,"34":2,"35":2,"36":2,"37":0,"38":2,"39":2,"40":2,"41":0,"42":2,"43":2,"44":2,"45":0,"46":0},"f":{"0":2,"1":4,"2":2},"b":{"0":[0,2],"1":[0,2],"2":[4],"3":[4],"4":[0,2],"5":[0,2],"6":[0,2]},"_coverageSchema":"1a1c01bbd47fc00a2c39e90264f33305004495a9","hash":"ec917566cecc5d92c3b8b7a20553cfe59ada9132"}
,"/home/rohit/Desktop/hyperverge/hyperverge-project/bus/Backend/middleware/users.js": {"path":"/home/rohit/Desktop/hyperverge/hyperverge-project/bus/Backend/middleware/users.js","statementMap":{"0":{"start":{"line":1,"column":12},"end":{"line":1,"column":35}},"1":{"start":{"line":2,"column":15},"end":{"line":2,"column":32}},"2":{"start":{"line":4,"column":0},"end":{"line":21,"column":2}},"3":{"start":{"line":6,"column":18},"end":{"line":6,"column":44}},"4":{"start":{"line":8,"column":4},"end":{"line":12,"column":5}},"5":{"start":{"line":9,"column":8},"end":{"line":11,"column":11}},"6":{"start":{"line":14,"column":4},"end":{"line":20,"column":5}},"7":{"start":{"line":15,"column":24},"end":{"line":15,"column":66}},"8":{"start":{"line":16,"column":8},"end":{"line":16,"column":32}},"9":{"start":{"line":17,"column":8},"end":{"line":17,"column":15}},"10":{"start":{"line":19,"column":8},"end":{"line":19,"column":60}}},"fnMap":{"0":{"name":"(anonymous_0)","decl":{"start":{"line":4,"column":17},"end":{"line":4,"column":18}},"loc":{"start":{"line":4,"column":43},"end":{"line":21,"column":1}},"line":4}},"branchMap":{"0":{"loc":{"start":{"line":8,"column":4},"end":{"line":12,"column":5}},"type":"if","locations":[{"start":{"line":8,"column":4},"end":{"line":12,"column":5}},{"start":{"line":8,"column":4},"end":{"line":12,"column":5}}],"line":8}},"s":{"0":4,"1":4,"2":4,"3":0,"4":0,"5":0,"6":0,"7":0,"8":0,"9":0,"10":0},"f":{"0":0},"b":{"0":[0,0]},"_coverageSchema":"1a1c01bbd47fc00a2c39e90264f33305004495a9","hash":"bc2f839d14bb06df83bbdd3fc8941c0958d56503"}
,"/home/rohit/Desktop/hyperverge/hyperverge-project/bus/Backend/models/Agency.js": {"path":"/home/rohit/Desktop/hyperverge/hyperverge-project/bus/Backend/models/Agency.js","statementMap":{"0":{"start":{"line":1,"column":15},"end":{"line":1,"column":34}},"1":{"start":{"line":3,"column":13},"end":{"line":22,"column":2}},"2":{"start":{"line":23,"column":15},"end":{"line":23,"column":47}},"3":{"start":{"line":24,"column":0},"end":{"line":24,"column":24}}},"fnMap":{},"branchMap":{},"s":{"0":1,"1":1,"2":1,"3":1},"f":{},"b":{},"_coverageSchema":"1a1c01bbd47fc00a2c39e90264f33305004495a9","hash":"09ecfa7b48ba09b77d018cef74931ac2f21a5f7f"}
,"/home/rohit/Desktop/hyperverge/hyperverge-project/bus/Backend/models/Bus.js": {"path":"/home/rohit/Desktop/hyperverge/hyperverge-project/bus/Backend/models/Bus.js","statementMap":{"0":{"start":{"line":1,"column":15},"end":{"line":1,"column":34}},"1":{"start":{"line":3,"column":12},"end":{"line":65,"column":2}},"2":{"start":{"line":66,"column":12},"end":{"line":66,"column":40}},"3":{"start":{"line":67,"column":0},"end":{"line":67,"column":20}}},"fnMap":{},"branchMap":{},"s":{"0":1,"1":1,"2":1,"3":1},"f":{},"b":{},"_coverageSchema":"1a1c01bbd47fc00a2c39e90264f33305004495a9","hash":"8434086a31ee5608d0f894c1b966d7d0765e74d6"}
,"/home/rohit/Desktop/hyperverge/hyperverge-project/bus/Backend/models/Location.js": {"path":"/home/rohit/Desktop/hyperverge/hyperverge-project/bus/Backend/models/Location.js","statementMap":{"0":{"start":{"line":1,"column":17},"end":{"line":1,"column":36}},"1":{"start":{"line":2,"column":22},"end":{"line":7,"column":2}},"2":{"start":{"line":9,"column":16},"end":{"line":9,"column":58}},"3":{"start":{"line":10,"column":0},"end":{"line":10,"column":23}}},"fnMap":{},"branchMap":{},"s":{"0":4,"1":4,"2":4,"3":4},"f":{},"b":{},"_coverageSchema":"1a1c01bbd47fc00a2c39e90264f33305004495a9","hash":"d22281357cbf6adeff25cb02ef10a638844dcf59"}
,"/home/rohit/Desktop/hyperverge/hyperverge-project/bus/Backend/models/Staff.js": {"path":"/home/rohit/Desktop/hyperverge/hyperverge-project/bus/Backend/models/Staff.js","statementMap":{"0":{"start":{"line":1,"column":17},"end":{"line":1,"column":36}},"1":{"start":{"line":3,"column":20},"end":{"line":29,"column":2}},"2":{"start":{"line":31,"column":14},"end":{"line":31,"column":50}},"3":{"start":{"line":32,"column":0},"end":{"line":32,"column":23}}},"fnMap":{},"branchMap":{},"s":{"0":2,"1":2,"2":2,"3":2},"f":{},"b":{},"_coverageSchema":"1a1c01bbd47fc00a2c39e90264f33305004495a9","hash":"d61261dcdf4b217768946796af9094e8ad0ac2ae"}
,"/home/rohit/Desktop/hyperverge/hyperverge-project/bus/Backend/models/Users.js": {"path":"/home/rohit/Desktop/hyperverge/hyperverge-project/bus/Backend/models/Users.js","statementMap":{"0":{"start":{"line":1,"column":17},"end":{"line":1,"column":36}},"1":{"start":{"line":3,"column":19},"end":{"line":24,"column":2}},"2":{"start":{"line":26,"column":13},"end":{"line":26,"column":48}},"3":{"start":{"line":27,"column":0},"end":{"line":27,"column":21}}},"fnMap":{},"branchMap":{},"s":{"0":4,"1":4,"2":4,"3":4},"f":{},"b":{},"_coverageSchema":"1a1c01bbd47fc00a2c39e90264f33305004495a9","hash":"aa58be249685b77a720a3473aecfa745cc29268f"}
,"/home/rohit/Desktop/hyperverge/hyperverge-project/bus/Backend/routes/Admin.js": {"path":"/home/rohit/Desktop/hyperverge/hyperverge-project/bus/Backend/routes/Admin.js","statementMap":{"0":{"start":{"line":1,"column":16},"end":{"line":1,"column":34}},"1":{"start":{"line":2,"column":15},"end":{"line":2,"column":31}},"2":{"start":{"line":3,"column":17},"end":{"line":3,"column":36}},"3":{"start":{"line":4,"column":15},"end":{"line":4,"column":34}},"4":{"start":{"line":5,"column":36},"end":{"line":5,"column":64}},"5":{"start":{"line":6,"column":12},"end":{"line":6,"column":35}},"6":{"start":{"line":7,"column":15},"end":{"line":7,"column":32}},"7":{"start":{"line":8,"column":11},"end":{"line":8,"column":41}},"8":{"start":{"line":10,"column":13},"end":{"line":10,"column":39}},"9":{"start":{"line":11,"column":16},"end":{"line":11,"column":47}},"10":{"start":{"line":12,"column":16},"end":{"line":12,"column":50}},"11":{"start":{"line":19,"column":0},"end":{"line":28,"column":24}},"12":{"start":{"line":35,"column":0},"end":{"line":40,"column":21}},"13":{"start":{"line":46,"column":0},"end":{"line":46,"column":55}},"14":{"start":{"line":49,"column":0},"end":{"line":49,"column":24}}},"fnMap":{},"branchMap":{},"s":{"0":4,"1":4,"2":4,"3":4,"4":4,"5":4,"6":4,"7":4,"8":4,"9":4,"10":4,"11":4,"12":4,"13":4,"14":4},"f":{},"b":{},"_coverageSchema":"1a1c01bbd47fc00a2c39e90264f33305004495a9","hash":"be9af21eb4334e2f05274b5766a17951b8641c61"}
,"/home/rohit/Desktop/hyperverge/hyperverge-project/bus/Backend/routes/users.js": {"path":"/home/rohit/Desktop/hyperverge/hyperverge-project/bus/Backend/routes/users.js","statementMap":{"0":{"start":{"line":1,"column":16},"end":{"line":1,"column":34}},"1":{"start":{"line":2,"column":15},"end":{"line":2,"column":31}},"2":{"start":{"line":3,"column":17},"end":{"line":3,"column":36}},"3":{"start":{"line":4,"column":15},"end":{"line":4,"column":34}},"4":{"start":{"line":5,"column":36},"end":{"line":5,"column":64}},"5":{"start":{"line":6,"column":12},"end":{"line":6,"column":35}},"6":{"start":{"line":7,"column":15},"end":{"line":7,"column":32}},"7":{"start":{"line":8,"column":11},"end":{"line":8,"column":41}},"8":{"start":{"line":10,"column":13},"end":{"line":10,"column":39}},"9":{"start":{"line":11,"column":15},"end":{"line":11,"column":46}},"10":{"start":{"line":17,"column":0},"end":{"line":25,"column":23}},"11":{"start":{"line":33,"column":0},"end":{"line":37,"column":21}},"12":{"start":{"line":49,"column":0},"end":{"line":49,"column":24}}},"fnMap":{},"branchMap":{},"s":{"0":4,"1":4,"2":4,"3":4,"4":4,"5":4,"6":4,"7":4,"8":4,"9":4,"10":4,"11":4,"12":4},"f":{},"b":{},"_coverageSchema":"1a1c01bbd47fc00a2c39e90264f33305004495a9","hash":"476756575b18f3fcf0345a068fbabc149576825e"}
}
