{"/home/rohit/Desktop/hyperverge/hyperverge-project/bus/Backend/server.js": {"path":"/home/rohit/Desktop/hyperverge/hyperverge-project/bus/Backend/server.js","statementMap":{"0":{"start":{"line":1,"column":16},"end":{"line":1,"column":34}},"1":{"start":{"line":2,"column":18},"end":{"line":2,"column":40}},"2":{"start":{"line":3,"column":12},"end":{"line":3,"column":21}},"3":{"start":{"line":4,"column":14},"end":{"line":4,"column":31}},"4":{"start":{"line":5,"column":11},"end":{"line":5,"column":15}},"5":{"start":{"line":9,"column":0},"end":{"line":9,"column":43}},"6":{"start":{"line":11,"column":0},"end":{"line":11,"column":22}},"7":{"start":{"line":13,"column":0},"end":{"line":15,"column":2}},"8":{"start":{"line":14,"column":4},"end":{"line":14,"column":30}},"9":{"start":{"line":18,"column":0},"end":{"line":18,"column":46}},"10":{"start":{"line":19,"column":0},"end":{"line":19,"column":48}},"11":{"start":{"line":21,"column":0},"end":{"line":25,"column":2}},"12":{"start":{"line":22,"column":16},"end":{"line":22,"column":38}},"13":{"start":{"line":23,"column":4},"end":{"line":23,"column":19}},"14":{"start":{"line":24,"column":4},"end":{"line":24,"column":15}},"15":{"start":{"line":26,"column":0},"end":{"line":33,"column":2}},"16":{"start":{"line":27,"column":4},"end":{"line":27,"column":31}},"17":{"start":{"line":28,"column":4},"end":{"line":32,"column":6}},"18":{"start":{"line":36,"column":0},"end":{"line":36,"column":18}}},"fnMap":{"0":{"name":"(anonymous_0)","decl":{"start":{"line":13,"column":12},"end":{"line":13,"column":13}},"loc":{"start":{"line":13,"column":23},"end":{"line":15,"column":1}},"line":13},"1":{"name":"(anonymous_1)","decl":{"start":{"line":21,"column":8},"end":{"line":21,"column":9}},"loc":{"start":{"line":21,"column":24},"end":{"line":25,"column":1}},"line":21},"2":{"name":"(anonymous_2)","decl":{"start":{"line":26,"column":8},"end":{"line":26,"column":9}},"loc":{"start":{"line":26,"column":28},"end":{"line":33,"column":1}},"line":26}},"branchMap":{"0":{"loc":{"start":{"line":27,"column":15},"end":{"line":27,"column":30}},"type":"binary-expr","locations":[{"start":{"line":27,"column":15},"end":{"line":27,"column":25}},{"start":{"line":27,"column":27},"end":{"line":27,"column":30}}],"line":27}},"s":{"0":2,"1":2,"2":2,"3":2,"4":2,"5":2,"6":2,"7":2,"8":0,"9":2,"10":2,"11":2,"12":0,"13":0,"14":0,"15":2,"16":0,"17":0,"18":2},"f":{"0":0,"1":0,"2":0},"b":{"0":[0,0]},"_coverageSchema":"1a1c01bbd47fc00a2c39e90264f33305004495a9","hash":"e1537da6ec9e1811d4eddcc110a5e0a3a2bbee07"}
,"/home/rohit/Desktop/hyperverge/hyperverge-project/bus/Backend/config/db.js": {"path":"/home/rohit/Desktop/hyperverge/hyperverge-project/bus/Backend/config/db.js","statementMap":{"0":{"start":{"line":1,"column":17},"end":{"line":1,"column":36}},"1":{"start":{"line":2,"column":15},"end":{"line":2,"column":32}},"2":{"start":{"line":3,"column":11},"end":{"line":3,"column":33}},"3":{"start":{"line":6,"column":0},"end":{"line":52,"column":1}},"4":{"start":{"line":7,"column":34},"end":{"line":7,"column":66}},"5":{"start":{"line":8,"column":19},"end":{"line":8,"column":42}},"6":{"start":{"line":10,"column":20},"end":{"line":20,"column":5}},"7":{"start":{"line":11,"column":20},"end":{"line":11,"column":41}},"8":{"start":{"line":13,"column":29},"end":{"line":18,"column":9}},"9":{"start":{"line":19,"column":8},"end":{"line":19,"column":48}},"10":{"start":{"line":21,"column":18},"end":{"line":25,"column":5}},"11":{"start":{"line":22,"column":8},"end":{"line":22,"column":49}},"12":{"start":{"line":23,"column":8},"end":{"line":23,"column":42}},"13":{"start":{"line":24,"column":8},"end":{"line":24,"column":27}},"14":{"start":{"line":27,"column":18},"end":{"line":33,"column":5}},"15":{"start":{"line":28,"column":28},"end":{"line":28,"column":59}},"16":{"start":{"line":29,"column":8},"end":{"line":32,"column":9}},"17":{"start":{"line":30,"column":31},"end":{"line":30,"column":47}},"18":{"start":{"line":31,"column":12},"end":{"line":31,"column":41}},"19":{"start":{"line":34,"column":4},"end":{"line":34,"column":42}},"20":{"start":{"line":38,"column":4},"end":{"line":50,"column":5}},"21":{"start":{"line":39,"column":8},"end":{"line":45,"column":15}},"22":{"start":{"line":46,"column":8},"end":{"line":46,"column":41}},"23":{"start":{"line":48,"column":8},"end":{"line":48,"column":35}},"24":{"start":{"line":49,"column":8},"end":{"line":49,"column":24}}},"fnMap":{"0":{"name":"(anonymous_0)","decl":{"start":{"line":10,"column":20},"end":{"line":10,"column":21}},"loc":{"start":{"line":10,"column":32},"end":{"line":20,"column":5}},"line":10},"1":{"name":"(anonymous_1)","decl":{"start":{"line":21,"column":18},"end":{"line":21,"column":19}},"loc":{"start":{"line":21,"column":30},"end":{"line":25,"column":5}},"line":21},"2":{"name":"(anonymous_2)","decl":{"start":{"line":27,"column":18},"end":{"line":27,"column":19}},"loc":{"start":{"line":27,"column":30},"end":{"line":33,"column":5}},"line":27}},"branchMap":{"0":{"loc":{"start":{"line":6,"column":0},"end":{"line":52,"column":1}},"type":"if","locations":[{"start":{"line":6,"column":0},"end":{"line":52,"column":1}},{"start":{"line":6,"column":0},"end":{"line":52,"column":1}}],"line":6}},"s":{"0":2,"1":2,"2":2,"3":2,"4":2,"5":2,"6":2,"7":1,"8":1,"9":1,"10":2,"11":1,"12":1,"13":1,"14":2,"15":4,"16":4,"17":8,"18":8,"19":2,"20":0,"21":0,"22":0,"23":0,"24":0},"f":{"0":1,"1":1,"2":4},"b":{"0":[2,0]},"_coverageSchema":"1a1c01bbd47fc00a2c39e90264f33305004495a9","hash":"5931853ed4685b14f7c219107ba9a7dce77aac35"}
,"/home/rohit/Desktop/hyperverge/hyperverge-project/bus/Backend/controllers/Bus.js": {"path":"/home/rohit/Desktop/hyperverge/hyperverge-project/bus/Backend/controllers/Bus.js","statementMap":{"0":{"start":{"line":1,"column":10},"end":{"line":1,"column":34}},"1":{"start":{"line":2,"column":11},"end":{"line":2,"column":37}},"2":{"start":{"line":3,"column":12},"end":{"line":3,"column":38}},"3":{"start":{"line":4,"column":15},"end":{"line":4,"column":44}},"4":{"start":{"line":5,"column":25},"end":{"line":5,"column":53}},"5":{"start":{"line":6,"column":12},"end":{"line":6,"column":35}},"6":{"start":{"line":8,"column":20},"end":{"line":15,"column":3}},"7":{"start":{"line":9,"column":4},"end":{"line":14,"column":7}},"8":{"start":{"line":10,"column":18},"end":{"line":10,"column":42}},"9":{"start":{"line":11,"column":6},"end":{"line":13,"column":7}},"10":{"start":{"line":12,"column":8},"end":{"line":12,"column":19}},"11":{"start":{"line":18,"column":16},"end":{"line":81,"column":1}},"12":{"start":{"line":19,"column":17},"end":{"line":19,"column":38}},"13":{"start":{"line":20,"column":4},"end":{"line":22,"column":5}},"14":{"start":{"line":21,"column":8},"end":{"line":21,"column":63}},"15":{"start":{"line":35,"column":10},"end":{"line":35,"column":18}},"16":{"start":{"line":37,"column":29},"end":{"line":37,"column":37}},"17":{"start":{"line":38,"column":21},"end":{"line":45,"column":7}},"18":{"start":{"line":48,"column":14},"end":{"line":48,"column":44}},"19":{"start":{"line":49,"column":4},"end":{"line":51,"column":5}},"20":{"start":{"line":50,"column":8},"end":{"line":50,"column":56}},"21":{"start":{"line":53,"column":18},"end":{"line":53,"column":43}},"22":{"start":{"line":54,"column":4},"end":{"line":56,"column":5}},"23":{"start":{"line":55,"column":8},"end":{"line":55,"column":47}},"24":{"start":{"line":58,"column":17},"end":{"line":58,"column":42}},"25":{"start":{"line":59,"column":4},"end":{"line":61,"column":5}},"26":{"start":{"line":60,"column":8},"end":{"line":60,"column":46}},"27":{"start":{"line":63,"column":23},"end":{"line":63,"column":53}},"28":{"start":{"line":64,"column":4},"end":{"line":66,"column":5}},"29":{"start":{"line":65,"column":8},"end":{"line":65,"column":50}},"30":{"start":{"line":68,"column":21},"end":{"line":68,"column":49}},"31":{"start":{"line":69,"column":4},"end":{"line":71,"column":5}},"32":{"start":{"line":70,"column":8},"end":{"line":70,"column":54}},"33":{"start":{"line":73,"column":4},"end":{"line":73,"column":22}},"34":{"start":{"line":74,"column":4},"end":{"line":74,"column":26}},"35":{"start":{"line":75,"column":4},"end":{"line":75,"column":28}},"36":{"start":{"line":76,"column":4},"end":{"line":76,"column":24}},"37":{"start":{"line":78,"column":4},"end":{"line":78,"column":14}},"38":{"start":{"line":80,"column":4},"end":{"line":80,"column":57}},"39":{"start":{"line":83,"column":0},"end":{"line":83,"column":24}}},"fnMap":{"0":{"name":"(anonymous_0)","decl":{"start":{"line":8,"column":20},"end":{"line":8,"column":21}},"loc":{"start":{"line":8,"column":31},"end":{"line":15,"column":3}},"line":8},"1":{"name":"(anonymous_1)","decl":{"start":{"line":9,"column":23},"end":{"line":9,"column":24}},"loc":{"start":{"line":9,"column":37},"end":{"line":14,"column":5}},"line":9},"2":{"name":"(anonymous_2)","decl":{"start":{"line":18,"column":16},"end":{"line":18,"column":17}},"loc":{"start":{"line":18,"column":32},"end":{"line":81,"column":1}},"line":18}},"branchMap":{"0":{"loc":{"start":{"line":11,"column":6},"end":{"line":13,"column":7}},"type":"if","locations":[{"start":{"line":11,"column":6},"end":{"line":13,"column":7}},{"start":{"line":11,"column":6},"end":{"line":13,"column":7}}],"line":11},"1":{"loc":{"start":{"line":20,"column":4},"end":{"line":22,"column":5}},"type":"if","locations":[{"start":{"line":20,"column":4},"end":{"line":22,"column":5}},{"start":{"line":20,"column":4},"end":{"line":22,"column":5}}],"line":20},"2":{"loc":{"start":{"line":49,"column":4},"end":{"line":51,"column":5}},"type":"if","locations":[{"start":{"line":49,"column":4},"end":{"line":51,"column":5}},{"start":{"line":49,"column":4},"end":{"line":51,"column":5}}],"line":49},"3":{"loc":{"start":{"line":54,"column":4},"end":{"line":56,"column":5}},"type":"if","locations":[{"start":{"line":54,"column":4},"end":{"line":56,"column":5}},{"start":{"line":54,"column":4},"end":{"line":56,"column":5}}],"line":54},"4":{"loc":{"start":{"line":59,"column":4},"end":{"line":61,"column":5}},"type":"if","locations":[{"start":{"line":59,"column":4},"end":{"line":61,"column":5}},{"start":{"line":59,"column":4},"end":{"line":61,"column":5}}],"line":59},"5":{"loc":{"start":{"line":64,"column":4},"end":{"line":66,"column":5}},"type":"if","locations":[{"start":{"line":64,"column":4},"end":{"line":66,"column":5}},{"start":{"line":64,"column":4},"end":{"line":66,"column":5}}],"line":64},"6":{"loc":{"start":{"line":69,"column":4},"end":{"line":71,"column":5}},"type":"if","locations":[{"start":{"line":69,"column":4},"end":{"line":71,"column":5}},{"start":{"line":69,"column":4},"end":{"line":71,"column":5}}],"line":69}},"s":{"0":1,"1":1,"2":1,"3":1,"4":1,"5":1,"6":1,"7":0,"8":0,"9":0,"10":0,"11":1,"12":0,"13":0,"14":0,"15":0,"16":0,"17":0,"18":0,"19":0,"20":0,"21":0,"22":0,"23":0,"24":0,"25":0,"26":0,"27":0,"28":0,"29":0,"30":0,"31":0,"32":0,"33":0,"34":0,"35":0,"36":0,"37":0,"38":0,"39":1},"f":{"0":0,"1":0,"2":0},"b":{"0":[0,0],"1":[0,0],"2":[0,0],"3":[0,0],"4":[0,0],"5":[0,0],"6":[0,0]},"_coverageSchema":"1a1c01bbd47fc00a2c39e90264f33305004495a9","hash":"8b54dbaace103aded67834ad4c5a1e3f4c7d50f5"}
,"/home/rohit/Desktop/hyperverge/hyperverge-project/bus/Backend/controllers/location.js": {"path":"/home/rohit/Desktop/hyperverge/hyperverge-project/bus/Backend/controllers/location.js","statementMap":{"0":{"start":{"line":2,"column":17},"end":{"line":2,"column":46}},"1":{"start":{"line":4,"column":0},"end":{"line":9,"column":1}},"2":{"start":{"line":5,"column":28},"end":{"line":5,"column":36}},"3":{"start":{"line":6,"column":19},"end":{"line":6,"column":42}},"4":{"start":{"line":7,"column":4},"end":{"line":7,"column":26}},"5":{"start":{"line":8,"column":4},"end":{"line":8,"column":45}}},"fnMap":{"0":{"name":"(anonymous_0)","decl":{"start":{"line":4,"column":27},"end":{"line":4,"column":28}},"loc":{"start":{"line":4,"column":44},"end":{"line":9,"column":1}},"line":4}},"branchMap":{},"s":{"0":2,"1":2,"2":0,"3":0,"4":0,"5":0},"f":{"0":0},"b":{},"_coverageSchema":"1a1c01bbd47fc00a2c39e90264f33305004495a9","hash":"ef4152d98a7fbf408ba26d1a2903bcbf786cd534"}
,"/home/rohit/Desktop/hyperverge/hyperverge-project/bus/Backend/controllers/seatCreate.js": {"path":"/home/rohit/Desktop/hyperverge/hyperverge-project/bus/Backend/controllers/seatCreate.js","statementMap":{"0":{"start":{"line":1,"column":15},"end":{"line":1,"column":32}},"1":{"start":{"line":2,"column":10},"end":{"line":2,"column":11}},"2":{"start":{"line":3,"column":6},"end":{"line":3,"column":8}},"3":{"start":{"line":4,"column":0},"end":{"line":10,"column":1}},"4":{"start":{"line":4,"column":11},"end":{"line":4,"column":12}},"5":{"start":{"line":5,"column":10},"end":{"line":5,"column":12}},"6":{"start":{"line":6,"column":4},"end":{"line":8,"column":5}},"7":{"start":{"line":6,"column":15},"end":{"line":6,"column":16}},"8":{"start":{"line":7,"column":8},"end":{"line":7,"column":40}},"9":{"start":{"line":9,"column":4},"end":{"line":9,"column":13}},"10":{"start":{"line":11,"column":0},"end":{"line":11,"column":14}},"11":{"start":{"line":12,"column":0},"end":{"line":12,"column":23}}},"fnMap":{},"branchMap":{},"s":{"0":1,"1":1,"2":1,"3":1,"4":1,"5":4,"6":4,"7":4,"8":16,"9":4,"10":1,"11":1},"f":{},"b":{},"_coverageSchema":"1a1c01bbd47fc00a2c39e90264f33305004495a9","hash":"5ef57a2bb1449dba80763a3d299c01a775ba9481"}
,"/home/rohit/Desktop/hyperverge/hyperverge-project/bus/Backend/controllers/users.js": {"path":"/home/rohit/Desktop/hyperverge/hyperverge-project/bus/Backend/controllers/users.js","statementMap":{"0":{"start":{"line":1,"column":16},"end":{"line":1,"column":34}},"1":{"start":{"line":2,"column":15},"end":{"line":2,"column":31}},"2":{"start":{"line":3,"column":15},"end":{"line":3,"column":34}},"3":{"start":{"line":4,"column":29},"end":{"line":4,"column":57}},"4":{"start":{"line":5,"column":12},"end":{"line":5,"column":35}},"5":{"start":{"line":6,"column":15},"end":{"line":6,"column":32}},"6":{"start":{"line":7,"column":13},"end":{"line":7,"column":39}},"7":{"start":{"line":9,"column":0},"end":{"line":54,"column":1}},"8":{"start":{"line":10,"column":19},"end":{"line":10,"column":40}},"9":{"start":{"line":11,"column":8},"end":{"line":13,"column":9}},"10":{"start":{"line":12,"column":12},"end":{"line":12,"column":68}},"11":{"start":{"line":15,"column":49},"end":{"line":15,"column":57}},"12":{"start":{"line":16,"column":8},"end":{"line":52,"column":9}},"13":{"start":{"line":17,"column":23},"end":{"line":17,"column":52}},"14":{"start":{"line":18,"column":12},"end":{"line":22,"column":13}},"15":{"start":{"line":19,"column":16},"end":{"line":21,"column":72}},"16":{"start":{"line":23,"column":12},"end":{"line":28,"column":15}},"17":{"start":{"line":29,"column":25},"end":{"line":29,"column":49}},"18":{"start":{"line":30,"column":12},"end":{"line":30,"column":62}},"19":{"start":{"line":32,"column":12},"end":{"line":32,"column":30}},"20":{"start":{"line":34,"column":28},"end":{"line":38,"column":13}},"21":{"start":{"line":39,"column":12},"end":{"line":39,"column":32}},"22":{"start":{"line":40,"column":12},"end":{"line":48,"column":14}},"23":{"start":{"line":45,"column":20},"end":{"line":45,"column":39}},"24":{"start":{"line":45,"column":29},"end":{"line":45,"column":39}},"25":{"start":{"line":46,"column":20},"end":{"line":46,"column":40}},"26":{"start":{"line":50,"column":12},"end":{"line":50,"column":31}},"27":{"start":{"line":51,"column":12},"end":{"line":51,"column":49}},"28":{"start":{"line":58,"column":0},"end":{"line":100,"column":1}},"29":{"start":{"line":59,"column":19},"end":{"line":59,"column":40}},"30":{"start":{"line":60,"column":8},"end":{"line":62,"column":9}},"31":{"start":{"line":61,"column":12},"end":{"line":61,"column":68}},"32":{"start":{"line":64,"column":35},"end":{"line":64,"column":43}},"33":{"start":{"line":66,"column":8},"end":{"line":98,"column":9}},"34":{"start":{"line":67,"column":22},"end":{"line":67,"column":44}},"35":{"start":{"line":69,"column":12},"end":{"line":73,"column":13}},"36":{"start":{"line":70,"column":16},"end":{"line":72,"column":72}},"37":{"start":{"line":74,"column":28},"end":{"line":74,"column":73}},"38":{"start":{"line":75,"column":12},"end":{"line":80,"column":13}},"39":{"start":{"line":76,"column":16},"end":{"line":79,"column":19}},"40":{"start":{"line":81,"column":28},"end":{"line":85,"column":13}},"41":{"start":{"line":86,"column":12},"end":{"line":94,"column":14}},"42":{"start":{"line":91,"column":20},"end":{"line":91,"column":39}},"43":{"start":{"line":91,"column":29},"end":{"line":91,"column":39}},"44":{"start":{"line":92,"column":20},"end":{"line":92,"column":40}},"45":{"start":{"line":96,"column":12},"end":{"line":96,"column":31}},"46":{"start":{"line":97,"column":12},"end":{"line":97,"column":49}}},"fnMap":{"0":{"name":"(anonymous_0)","decl":{"start":{"line":9,"column":22},"end":{"line":9,"column":23}},"loc":{"start":{"line":9,"column":38},"end":{"line":54,"column":1}},"line":9},"1":{"name":"(anonymous_1)","decl":{"start":{"line":44,"column":16},"end":{"line":44,"column":17}},"loc":{"start":{"line":44,"column":32},"end":{"line":47,"column":17}},"line":44},"2":{"name":"(anonymous_2)","decl":{"start":{"line":58,"column":22},"end":{"line":58,"column":23}},"loc":{"start":{"line":58,"column":39},"end":{"line":100,"column":1}},"line":58},"3":{"name":"(anonymous_3)","decl":{"start":{"line":90,"column":16},"end":{"line":90,"column":17}},"loc":{"start":{"line":90,"column":32},"end":{"line":93,"column":17}},"line":90}},"branchMap":{"0":{"loc":{"start":{"line":11,"column":8},"end":{"line":13,"column":9}},"type":"if","locations":[{"start":{"line":11,"column":8},"end":{"line":13,"column":9}},{"start":{"line":11,"column":8},"end":{"line":13,"column":9}}],"line":11},"1":{"loc":{"start":{"line":18,"column":12},"end":{"line":22,"column":13}},"type":"if","locations":[{"start":{"line":18,"column":12},"end":{"line":22,"column":13}},{"start":{"line":18,"column":12},"end":{"line":22,"column":13}}],"line":18},"2":{"loc":{"start":{"line":45,"column":20},"end":{"line":45,"column":39}},"type":"if","locations":[{"start":{"line":45,"column":20},"end":{"line":45,"column":39}},{"start":{"line":45,"column":20},"end":{"line":45,"column":39}}],"line":45},"3":{"loc":{"start":{"line":60,"column":8},"end":{"line":62,"column":9}},"type":"if","locations":[{"start":{"line":60,"column":8},"end":{"line":62,"column":9}},{"start":{"line":60,"column":8},"end":{"line":62,"column":9}}],"line":60},"4":{"loc":{"start":{"line":69,"column":12},"end":{"line":73,"column":13}},"type":"if","locations":[{"start":{"line":69,"column":12},"end":{"line":73,"column":13}},{"start":{"line":69,"column":12},"end":{"line":73,"column":13}}],"line":69},"5":{"loc":{"start":{"line":75,"column":12},"end":{"line":80,"column":13}},"type":"if","locations":[{"start":{"line":75,"column":12},"end":{"line":80,"column":13}},{"start":{"line":75,"column":12},"end":{"line":80,"column":13}}],"line":75},"6":{"loc":{"start":{"line":91,"column":20},"end":{"line":91,"column":39}},"type":"if","locations":[{"start":{"line":91,"column":20},"end":{"line":91,"column":39}},{"start":{"line":91,"column":20},"end":{"line":91,"column":39}}],"line":91}},"s":{"0":2,"1":2,"2":2,"3":2,"4":2,"5":2,"6":2,"7":2,"8":2,"9":2,"10":0,"11":2,"12":1,"13":1,"14":1,"15":0,"16":1,"17":1,"18":1,"19":1,"20":1,"21":1,"22":1,"23":1,"24":0,"25":1,"26":0,"27":0,"28":2,"29":2,"30":2,"31":0,"32":2,"33":1,"34":1,"35":1,"36":0,"37":1,"38":0,"39":0,"40":0,"41":0,"42":0,"43":0,"44":0,"45":1,"46":1},"f":{"0":2,"1":1,"2":2,"3":0},"b":{"0":[0,2],"1":[0,1],"2":[0,1],"3":[0,2],"4":[0,1],"5":[0,0],"6":[0,0]},"_coverageSchema":"1a1c01bbd47fc00a2c39e90264f33305004495a9","hash":"8549cddfe385a3852f2d9d537978d08dff645241"}
,"/home/rohit/Desktop/hyperverge/hyperverge-project/bus/Backend/middleware/users.js": {"path":"/home/rohit/Desktop/hyperverge/hyperverge-project/bus/Backend/middleware/users.js","statementMap":{"0":{"start":{"line":1,"column":12},"end":{"line":1,"column":35}},"1":{"start":{"line":2,"column":15},"end":{"line":2,"column":32}},"2":{"start":{"line":4,"column":0},"end":{"line":21,"column":2}},"3":{"start":{"line":6,"column":18},"end":{"line":6,"column":44}},"4":{"start":{"line":8,"column":4},"end":{"line":12,"column":5}},"5":{"start":{"line":9,"column":8},"end":{"line":11,"column":11}},"6":{"start":{"line":14,"column":4},"end":{"line":20,"column":5}},"7":{"start":{"line":15,"column":24},"end":{"line":15,"column":66}},"8":{"start":{"line":16,"column":8},"end":{"line":16,"column":32}},"9":{"start":{"line":17,"column":8},"end":{"line":17,"column":15}},"10":{"start":{"line":19,"column":8},"end":{"line":19,"column":60}}},"fnMap":{"0":{"name":"(anonymous_0)","decl":{"start":{"line":4,"column":17},"end":{"line":4,"column":18}},"loc":{"start":{"line":4,"column":43},"end":{"line":21,"column":1}},"line":4}},"branchMap":{"0":{"loc":{"start":{"line":8,"column":4},"end":{"line":12,"column":5}},"type":"if","locations":[{"start":{"line":8,"column":4},"end":{"line":12,"column":5}},{"start":{"line":8,"column":4},"end":{"line":12,"column":5}}],"line":8}},"s":{"0":2,"1":2,"2":2,"3":0,"4":0,"5":0,"6":0,"7":0,"8":0,"9":0,"10":0},"f":{"0":0},"b":{"0":[0,0]},"_coverageSchema":"1a1c01bbd47fc00a2c39e90264f33305004495a9","hash":"bc2f839d14bb06df83bbdd3fc8941c0958d56503"}
,"/home/rohit/Desktop/hyperverge/hyperverge-project/bus/Backend/models/Bus.js": {"path":"/home/rohit/Desktop/hyperverge/hyperverge-project/bus/Backend/models/Bus.js","statementMap":{"0":{"start":{"line":1,"column":15},"end":{"line":1,"column":34}},"1":{"start":{"line":3,"column":12},"end":{"line":65,"column":2}},"2":{"start":{"line":66,"column":12},"end":{"line":66,"column":40}},"3":{"start":{"line":67,"column":0},"end":{"line":67,"column":20}}},"fnMap":{},"branchMap":{},"s":{"0":1,"1":1,"2":1,"3":1},"f":{},"b":{},"_coverageSchema":"1a1c01bbd47fc00a2c39e90264f33305004495a9","hash":"8434086a31ee5608d0f894c1b966d7d0765e74d6"}
,"/home/rohit/Desktop/hyperverge/hyperverge-project/bus/Backend/models/Location.js": {"path":"/home/rohit/Desktop/hyperverge/hyperverge-project/bus/Backend/models/Location.js","statementMap":{"0":{"start":{"line":1,"column":17},"end":{"line":1,"column":36}},"1":{"start":{"line":2,"column":22},"end":{"line":7,"column":2}},"2":{"start":{"line":9,"column":16},"end":{"line":9,"column":58}},"3":{"start":{"line":10,"column":0},"end":{"line":10,"column":23}}},"fnMap":{},"branchMap":{},"s":{"0":2,"1":2,"2":2,"3":2},"f":{},"b":{},"_coverageSchema":"1a1c01bbd47fc00a2c39e90264f33305004495a9","hash":"d22281357cbf6adeff25cb02ef10a638844dcf59"}
,"/home/rohit/Desktop/hyperverge/hyperverge-project/bus/Backend/models/Staff.js": {"path":"/home/rohit/Desktop/hyperverge/hyperverge-project/bus/Backend/models/Staff.js","statementMap":{"0":{"start":{"line":1,"column":17},"end":{"line":1,"column":36}},"1":{"start":{"line":3,"column":20},"end":{"line":29,"column":2}},"2":{"start":{"line":31,"column":14},"end":{"line":31,"column":50}},"3":{"start":{"line":32,"column":0},"end":{"line":32,"column":23}}},"fnMap":{},"branchMap":{},"s":{"0":1,"1":1,"2":1,"3":1},"f":{},"b":{},"_coverageSchema":"1a1c01bbd47fc00a2c39e90264f33305004495a9","hash":"d61261dcdf4b217768946796af9094e8ad0ac2ae"}
,"/home/rohit/Desktop/hyperverge/hyperverge-project/bus/Backend/models/Users.js": {"path":"/home/rohit/Desktop/hyperverge/hyperverge-project/bus/Backend/models/Users.js","statementMap":{"0":{"start":{"line":1,"column":17},"end":{"line":1,"column":36}},"1":{"start":{"line":3,"column":19},"end":{"line":26,"column":1}},"2":{"start":{"line":28,"column":13},"end":{"line":28,"column":48}},"3":{"start":{"line":29,"column":0},"end":{"line":29,"column":21}}},"fnMap":{},"branchMap":{},"s":{"0":2,"1":2,"2":2,"3":2},"f":{},"b":{},"_coverageSchema":"1a1c01bbd47fc00a2c39e90264f33305004495a9","hash":"0d8c99f70328e18e2690a8350a4643d016fe9f54"}
,"/home/rohit/Desktop/hyperverge/hyperverge-project/bus/Backend/routes/Admin.js": {"path":"/home/rohit/Desktop/hyperverge/hyperverge-project/bus/Backend/routes/Admin.js","statementMap":{"0":{"start":{"line":1,"column":16},"end":{"line":1,"column":34}},"1":{"start":{"line":2,"column":15},"end":{"line":2,"column":31}},"2":{"start":{"line":3,"column":17},"end":{"line":3,"column":36}},"3":{"start":{"line":4,"column":15},"end":{"line":4,"column":34}},"4":{"start":{"line":5,"column":36},"end":{"line":5,"column":64}},"5":{"start":{"line":6,"column":12},"end":{"line":6,"column":35}},"6":{"start":{"line":7,"column":15},"end":{"line":7,"column":32}},"7":{"start":{"line":8,"column":11},"end":{"line":8,"column":41}},"8":{"start":{"line":10,"column":13},"end":{"line":10,"column":39}},"9":{"start":{"line":11,"column":16},"end":{"line":11,"column":47}},"10":{"start":{"line":12,"column":16},"end":{"line":12,"column":50}},"11":{"start":{"line":19,"column":0},"end":{"line":28,"column":24}},"12":{"start":{"line":35,"column":0},"end":{"line":40,"column":21}},"13":{"start":{"line":46,"column":0},"end":{"line":46,"column":55}},"14":{"start":{"line":49,"column":0},"end":{"line":49,"column":24}}},"fnMap":{},"branchMap":{},"s":{"0":2,"1":2,"2":2,"3":2,"4":2,"5":2,"6":2,"7":2,"8":2,"9":2,"10":2,"11":2,"12":2,"13":2,"14":2},"f":{},"b":{},"_coverageSchema":"1a1c01bbd47fc00a2c39e90264f33305004495a9","hash":"be9af21eb4334e2f05274b5766a17951b8641c61"}
,"/home/rohit/Desktop/hyperverge/hyperverge-project/bus/Backend/routes/users.js": {"path":"/home/rohit/Desktop/hyperverge/hyperverge-project/bus/Backend/routes/users.js","statementMap":{"0":{"start":{"line":1,"column":16},"end":{"line":1,"column":34}},"1":{"start":{"line":2,"column":15},"end":{"line":2,"column":31}},"2":{"start":{"line":3,"column":17},"end":{"line":3,"column":36}},"3":{"start":{"line":4,"column":15},"end":{"line":4,"column":34}},"4":{"start":{"line":5,"column":36},"end":{"line":5,"column":64}},"5":{"start":{"line":6,"column":12},"end":{"line":6,"column":35}},"6":{"start":{"line":7,"column":15},"end":{"line":7,"column":32}},"7":{"start":{"line":8,"column":11},"end":{"line":8,"column":41}},"8":{"start":{"line":10,"column":13},"end":{"line":10,"column":39}},"9":{"start":{"line":11,"column":15},"end":{"line":11,"column":46}},"10":{"start":{"line":17,"column":0},"end":{"line":25,"column":23}},"11":{"start":{"line":33,"column":0},"end":{"line":37,"column":21}},"12":{"start":{"line":49,"column":0},"end":{"line":49,"column":24}}},"fnMap":{},"branchMap":{},"s":{"0":2,"1":2,"2":2,"3":2,"4":2,"5":2,"6":2,"7":2,"8":2,"9":2,"10":2,"11":2,"12":2},"f":{},"b":{},"_coverageSchema":"1a1c01bbd47fc00a2c39e90264f33305004495a9","hash":"476756575b18f3fcf0345a068fbabc149576825e"}
}
