TN:
SF:server.js
FN:13,(anonymous_0)
FN:21,(anonymous_1)
FN:26,(anonymous_2)
FNF:3
FNH:0
FNDA:0,(anonymous_0)
FNDA:0,(anonymous_1)
FNDA:0,(anonymous_2)
DA:1,2
DA:2,2
DA:3,2
DA:4,2
DA:5,2
DA:9,2
DA:11,2
DA:13,2
DA:14,0
DA:18,2
DA:19,2
DA:21,2
DA:22,0
DA:23,0
DA:24,0
DA:26,2
DA:27,0
DA:28,0
DA:36,2
LF:19
LH:13
BRDA:27,0,0,0
BRDA:27,0,1,0
BRF:2
BRH:0
end_of_record
TN:
SF:config/db.js
FN:10,(anonymous_0)
FN:21,(anonymous_1)
FN:27,(anonymous_2)
FNF:3
FNH:3
FNDA:1,(anonymous_0)
FNDA:1,(anonymous_1)
FNDA:4,(anonymous_2)
DA:1,2
DA:2,2
DA:3,2
DA:6,2
DA:7,2
DA:8,2
DA:10,2
DA:11,1
DA:13,1
DA:19,1
DA:21,2
DA:22,1
DA:23,1
DA:24,1
DA:27,2
DA:28,4
DA:29,4
DA:30,8
DA:31,8
DA:34,2
DA:38,0
DA:39,0
DA:46,0
DA:48,0
DA:49,0
LF:25
LH:20
BRDA:6,0,0,2
BRDA:6,0,1,0
BRF:2
BRH:1
end_of_record
TN:
SF:controllers/Bus.js
FN:8,(anonymous_0)
FN:9,(anonymous_1)
FN:18,(anonymous_2)
FNF:3
FNH:0
FNDA:0,(anonymous_0)
FNDA:0,(anonymous_1)
FNDA:0,(anonymous_2)
DA:1,1
DA:2,1
DA:3,1
DA:4,1
DA:5,1
DA:6,1
DA:8,1
DA:9,0
DA:10,0
DA:11,0
DA:12,0
DA:18,1
DA:19,0
DA:20,0
DA:21,0
DA:35,0
DA:37,0
DA:38,0
DA:48,0
DA:49,0
DA:50,0
DA:53,0
DA:54,0
DA:55,0
DA:58,0
DA:59,0
DA:60,0
DA:63,0
DA:64,0
DA:65,0
DA:68,0
DA:69,0
DA:70,0
DA:73,0
DA:74,0
DA:75,0
DA:76,0
DA:78,0
DA:80,0
DA:83,1
LF:40
LH:9
BRDA:11,0,0,0
BRDA:11,0,1,0
BRDA:20,1,0,0
BRDA:20,1,1,0
BRDA:49,2,0,0
BRDA:49,2,1,0
BRDA:54,3,0,0
BRDA:54,3,1,0
BRDA:59,4,0,0
BRDA:59,4,1,0
BRDA:64,5,0,0
BRDA:64,5,1,0
BRDA:69,6,0,0
BRDA:69,6,1,0
BRF:14
BRH:0
end_of_record
TN:
SF:controllers/location.js
FN:4,(anonymous_0)
FNF:1
FNH:0
FNDA:0,(anonymous_0)
DA:2,2
DA:4,2
DA:5,0
DA:6,0
DA:7,0
DA:8,0
LF:6
LH:2
BRF:0
BRH:0
end_of_record
TN:
SF:controllers/seatCreate.js
FNF:0
FNH:0
DA:1,1
DA:2,1
DA:3,1
DA:4,1
DA:5,4
DA:6,4
DA:7,16
DA:9,4
DA:11,1
DA:12,1
LF:10
LH:10
BRF:0
BRH:0
end_of_record
TN:
SF:controllers/users.js
FN:9,(anonymous_0)
FN:44,(anonymous_1)
FN:58,(anonymous_2)
FN:90,(anonymous_3)
FNF:4
FNH:3
FNDA:2,(anonymous_0)
FNDA:1,(anonymous_1)
FNDA:2,(anonymous_2)
FNDA:0,(anonymous_3)
DA:1,2
DA:2,2
DA:3,2
DA:4,2
DA:5,2
DA:6,2
DA:7,2
DA:9,2
DA:10,2
DA:11,2
DA:12,0
DA:15,2
DA:16,1
DA:17,1
DA:18,1
DA:19,0
DA:23,1
DA:29,1
DA:30,1
DA:32,1
DA:34,1
DA:39,1
DA:40,1
DA:45,1
DA:46,1
DA:50,0
DA:51,0
DA:58,2
DA:59,2
DA:60,2
DA:61,0
DA:64,2
DA:66,1
DA:67,1
DA:69,1
DA:70,0
DA:74,1
DA:75,0
DA:76,0
DA:81,0
DA:86,0
DA:91,0
DA:92,0
DA:96,1
DA:97,1
LF:45
LH:33
BRDA:11,0,0,0
BRDA:11,0,1,2
BRDA:18,1,0,0
BRDA:18,1,1,1
BRDA:45,2,0,0
BRDA:45,2,1,1
BRDA:60,3,0,0
BRDA:60,3,1,2
BRDA:69,4,0,0
BRDA:69,4,1,1
BRDA:75,5,0,0
BRDA:75,5,1,0
BRDA:91,6,0,0
BRDA:91,6,1,0
BRF:14
BRH:5
end_of_record
TN:
SF:middleware/users.js
FN:4,(anonymous_0)
FNF:1
FNH:0
FNDA:0,(anonymous_0)
DA:1,2
DA:2,2
DA:4,2
DA:6,0
DA:8,0
DA:9,0
DA:14,0
DA:15,0
DA:16,0
DA:17,0
DA:19,0
LF:11
LH:3
BRDA:8,0,0,0
BRDA:8,0,1,0
BRF:2
BRH:0
end_of_record
TN:
SF:models/Bus.js
FNF:0
FNH:0
DA:1,1
DA:3,1
DA:66,1
DA:67,1
LF:4
LH:4
BRF:0
BRH:0
end_of_record
TN:
SF:models/Location.js
FNF:0
FNH:0
DA:1,2
DA:2,2
DA:9,2
DA:10,2
LF:4
LH:4
BRF:0
BRH:0
end_of_record
TN:
SF:models/Staff.js
FNF:0
FNH:0
DA:1,1
DA:3,1
DA:31,1
DA:32,1
LF:4
LH:4
BRF:0
BRH:0
end_of_record
TN:
SF:models/Users.js
FNF:0
FNH:0
DA:1,2
DA:3,2
DA:28,2
DA:29,2
LF:4
LH:4
BRF:0
BRH:0
end_of_record
TN:
SF:routes/Admin.js
FNF:0
FNH:0
DA:1,2
DA:2,2
DA:3,2
DA:4,2
DA:5,2
DA:6,2
DA:7,2
DA:8,2
DA:10,2
DA:11,2
DA:12,2
DA:19,2
DA:35,2
DA:46,2
DA:49,2
LF:15
LH:15
BRF:0
BRH:0
end_of_record
TN:
SF:routes/users.js
FNF:0
FNH:0
DA:1,2
DA:2,2
DA:3,2
DA:4,2
DA:5,2
DA:6,2
DA:7,2
DA:8,2
DA:10,2
DA:11,2
DA:17,2
DA:33,2
DA:49,2
LF:13
LH:13
BRF:0
BRH:0
end_of_record
