TN:
SF:server.js
FN:13,(anonymous_0)
FN:21,(anonymous_1)
FN:26,(anonymous_2)
FNF:3
FNH:0
FNDA:0,(anonymous_0)
FNDA:0,(anonymous_1)
FNDA:0,(anonymous_2)
DA:1,4
DA:2,4
DA:3,4
DA:4,4
DA:5,4
DA:9,4
DA:11,4
DA:13,4
DA:14,0
DA:18,4
DA:19,4
DA:21,4
DA:22,0
DA:23,0
DA:24,0
DA:26,4
DA:27,0
DA:28,0
DA:36,4
LF:19
LH:13
BRDA:27,0,0,0
BRDA:27,0,1,0
BRF:2
BRH:0
end_of_record
TN:
SF:config/db.js
FN:10,(anonymous_0)
FN:21,(anonymous_1)
FN:27,(anonymous_2)
FNF:3
FNH:3
FNDA:3,(anonymous_0)
FNDA:3,(anonymous_1)
FNDA:3,(anonymous_2)
DA:1,4
DA:2,4
DA:3,4
DA:6,4
DA:7,4
DA:8,4
DA:10,4
DA:11,3
DA:13,3
DA:19,3
DA:21,4
DA:22,3
DA:23,3
DA:24,3
DA:27,4
DA:28,3
DA:29,3
DA:30,8
DA:31,8
DA:34,4
DA:38,0
DA:39,0
DA:46,0
DA:48,0
DA:49,0
LF:25
LH:20
BRDA:6,0,0,4
BRDA:6,0,1,0
BRF:2
BRH:1
end_of_record
TN:
SF:controllers/Agency.js
FN:4,(anonymous_0)
FNF:1
FNH:1
FNDA:1,(anonymous_0)
DA:1,1
DA:3,1
DA:4,1
DA:5,1
DA:6,1
DA:7,0
DA:9,1
DA:11,1
DA:12,1
DA:13,1
DA:14,1
DA:16,0
DA:23,0
DA:25,0
DA:27,0
DA:28,0
LF:16
LH:10
BRDA:6,0,0,0
BRDA:6,0,1,1
BRDA:13,1,0,1
BRDA:13,1,1,0
BRF:4
BRH:2
end_of_record
TN:
SF:controllers/Bus.js
FN:8,(anonymous_0)
FN:9,(anonymous_1)
FN:30,(anonymous_2)
FNF:3
FNH:0
FNDA:0,(anonymous_0)
FNDA:0,(anonymous_1)
FNDA:0,(anonymous_2)
DA:1,1
DA:2,1
DA:3,1
DA:4,1
DA:5,1
DA:8,1
DA:9,0
DA:10,0
DA:11,0
DA:12,0
DA:18,1
DA:19,1
DA:20,1
DA:21,1
DA:22,4
DA:23,4
DA:24,16
DA:26,4
DA:28,1
DA:30,1
DA:31,0
DA:32,0
DA:33,0
DA:47,0
DA:49,0
DA:50,0
DA:60,0
DA:61,0
DA:62,0
DA:65,0
DA:66,0
DA:67,0
DA:70,0
DA:71,0
DA:72,0
DA:75,0
DA:76,0
DA:77,0
DA:80,0
DA:81,0
DA:82,0
DA:85,0
DA:86,0
DA:87,0
DA:88,0
DA:90,0
DA:92,0
DA:95,1
LF:48
LH:17
BRDA:11,0,0,0
BRDA:11,0,1,0
BRDA:32,1,0,0
BRDA:32,1,1,0
BRDA:61,2,0,0
BRDA:61,2,1,0
BRDA:66,3,0,0
BRDA:66,3,1,0
BRDA:71,4,0,0
BRDA:71,4,1,0
BRDA:76,5,0,0
BRDA:76,5,1,0
BRDA:81,6,0,0
BRDA:81,6,1,0
BRF:14
BRH:0
end_of_record
TN:
SF:controllers/location.js
FN:4,(anonymous_0)
FNF:1
FNH:0
FNDA:0,(anonymous_0)
DA:2,4
DA:4,4
DA:5,0
DA:6,0
DA:7,0
DA:8,0
LF:6
LH:2
BRF:0
BRH:0
end_of_record
TN:
SF:controllers/staff.js
FN:4,(anonymous_0)
FNF:1
FNH:1
FNDA:3,(anonymous_0)
DA:1,1
DA:2,1
DA:4,1
DA:5,3
DA:6,3
DA:7,0
DA:9,3
DA:10,3
DA:11,3
DA:12,3
DA:15,3
DA:16,3
DA:17,2
DA:19,1
DA:20,1
DA:27,1
DA:28,1
DA:32,0
LF:18
LH:16
BRDA:6,0,0,0
BRDA:6,0,1,3
BRDA:16,1,0,2
BRDA:16,1,1,1
BRF:4
BRH:3
end_of_record
TN:
SF:controllers/users.js
FN:9,(anonymous_0)
FN:52,(anonymous_1)
FN:58,(anonymous_2)
FNF:3
FNH:3
FNDA:2,(anonymous_0)
FNDA:4,(anonymous_1)
FNDA:2,(anonymous_2)
DA:1,4
DA:2,4
DA:3,4
DA:4,4
DA:5,4
DA:6,4
DA:7,4
DA:9,4
DA:10,2
DA:11,2
DA:12,0
DA:15,2
DA:16,2
DA:17,2
DA:18,2
DA:19,0
DA:23,2
DA:29,2
DA:30,2
DA:32,2
DA:34,2
DA:39,2
DA:40,2
DA:41,2
DA:44,0
DA:45,0
DA:52,4
DA:54,4
DA:58,4
DA:60,2
DA:61,2
DA:62,0
DA:65,2
DA:67,2
DA:68,2
DA:69,2
DA:71,2
DA:72,0
DA:76,2
DA:77,2
DA:78,2
DA:79,0
DA:85,2
DA:90,2
DA:92,2
DA:94,0
DA:95,0
LF:47
LH:38
BRDA:11,0,0,0
BRDA:11,0,1,2
BRDA:18,1,0,0
BRDA:18,1,1,2
BRDA:52,2,0,4
BRDA:53,3,0,4
BRDA:61,4,0,0
BRDA:61,4,1,2
BRDA:71,5,0,0
BRDA:71,5,1,2
BRDA:78,6,0,0
BRDA:78,6,1,2
BRF:12
BRH:7
end_of_record
TN:
SF:middleware/users.js
FN:4,(anonymous_0)
FNF:1
FNH:0
FNDA:0,(anonymous_0)
DA:1,4
DA:2,4
DA:4,4
DA:6,0
DA:8,0
DA:9,0
DA:14,0
DA:15,0
DA:16,0
DA:17,0
DA:19,0
LF:11
LH:3
BRDA:8,0,0,0
BRDA:8,0,1,0
BRF:2
BRH:0
end_of_record
TN:
SF:models/Agency.js
FNF:0
FNH:0
DA:1,1
DA:3,1
DA:23,1
DA:24,1
LF:4
LH:4
BRF:0
BRH:0
end_of_record
TN:
SF:models/Bus.js
FNF:0
FNH:0
DA:1,1
DA:3,1
DA:66,1
DA:67,1
LF:4
LH:4
BRF:0
BRH:0
end_of_record
TN:
SF:models/Location.js
FNF:0
FNH:0
DA:1,4
DA:2,4
DA:9,4
DA:10,4
LF:4
LH:4
BRF:0
BRH:0
end_of_record
TN:
SF:models/Staff.js
FNF:0
FNH:0
DA:1,2
DA:3,2
DA:31,2
DA:32,2
LF:4
LH:4
BRF:0
BRH:0
end_of_record
TN:
SF:models/Users.js
FNF:0
FNH:0
DA:1,4
DA:3,4
DA:26,4
DA:27,4
LF:4
LH:4
BRF:0
BRH:0
end_of_record
TN:
SF:routes/Admin.js
FNF:0
FNH:0
DA:1,4
DA:2,4
DA:3,4
DA:4,4
DA:5,4
DA:6,4
DA:7,4
DA:8,4
DA:10,4
DA:11,4
DA:12,4
DA:19,4
DA:35,4
DA:46,4
DA:49,4
LF:15
LH:15
BRF:0
BRH:0
end_of_record
TN:
SF:routes/users.js
FNF:0
FNH:0
DA:1,4
DA:2,4
DA:3,4
DA:4,4
DA:5,4
DA:6,4
DA:7,4
DA:8,4
DA:10,4
DA:11,4
DA:17,4
DA:33,4
DA:49,4
LF:13
LH:13
BRF:0
BRH:0
end_of_record
